<?xml version='1.0'?>
<ns2:test-suite xmlns:ns2='urn:model.allure.qatools.yandex.ru' start='1576961402953' stop='1576961407182'>
    <name>Client</name>
    <title>Client</title>
    <test-cases>
        <test-case start='1576961402954' status='failed' stop='1576961407177'>
            <name>Get title</name>
            <title>Get title</title>
            <labels>
                <label name='language' value='javascript'/>
                <label name='framework' value='wdio'/>
                <label name='thread' value='0-0'/>
            </labels>
            <parameters>
                <parameter kind='argument' name='browser' value='chrome-79.0.3945.88'/>
            </parameters>
            <steps>
                <step start='1576961402956' status='passed' stop='1576961404757'>
                    <name>POST /session/:sessionId/url</name>
                    <title>POST /session/:sessionId/url</title>
                    <attachments>
                        <attachment title='Request' source='03a45af7-83cf-4bd4-bba2-b3b0c42e5b38-attachment.json' type='application/json' size='39'/>
                    </attachments>
                    <steps/>
                </step>
                <step start='1576961404757' status='passed' stop='1576961404767'>
                    <name>GET /session/:sessionId/title</name>
                    <title>GET /session/:sessionId/title</title>
                    <attachments>
                        <attachment title='Response' source='88593c5f-3941-4e6f-9c2a-58d82d1701ea-attachment.json' type='application/json' size='17'/>
                    </attachments>
                    <steps/>
                </step>
                <step start='1576961406779' status='passed' stop='1576961407176'>
                    <name>GET /session/:sessionId/screenshot</name>
                    <title>GET /session/:sessionId/screenshot</title>
                    <attachments>
                        <attachment title='Screenshot' source='c2b05d38-d97a-461b-9435-936a693f564f-attachment.png' type='image/png' size='53709'/>
                    </attachments>
                    <steps/>
                </step>
            </steps>
            <attachments/>
            <failure>
                <message>'qa.intgames.org' == 'Bug Tracker'</message>
                <stack-trace>AssertionError [ERR_ASSERTION]: 'qa.intgames.org' == 'Bug Tracker'
                    at Context.&lt;anonymous> (/Users/arthursenko/Projects/automation-webdriverio/test/specs/test.js:9:14)</stack-trace>
            </failure>
        </test-case>
    </test-cases>
</ns2:test-suite>