<?xml version='1.0'?>
<ns2:test-suite xmlns:ns2='urn:model.allure.qatools.yandex.ru' start='1576961424430' stop='1576961457711'>
    <name>Client</name>
    <title>Client</title>
    <test-cases>
        <test-case start='1576961424430' status='failed' stop='1576961457711'>
            <name>Get title</name>
            <title>Get title</title>
            <labels>
                <label name='language' value='javascript'/>
                <label name='framework' value='wdio'/>
                <label name='thread' value='0-0'/>
            </labels>
            <parameters>
                <parameter kind='argument' name='browser' value='chrome-79.0.3945.88'/>
            </parameters>
            <steps>
                <step start='1576961424434' status='passed' stop='1576961455282'>
                    <name>POST /session/:sessionId/url</name>
                    <title>POST /session/:sessionId/url</title>
                    <attachments>
                        <attachment title='Request' source='64d85d65-f8c9-4ca9-bd9e-2135c0ed135f-attachment.json' type='application/json' size='38'/>
                    </attachments>
                    <steps/>
                </step>
                <step start='1576961455282' status='passed' stop='1576961455293'>
                    <name>GET /session/:sessionId/title</name>
                    <title>GET /session/:sessionId/title</title>
                    <attachments>
                        <attachment title='Response' source='16954339-9350-4939-811a-e5c82aebe977-attachment.json' type='application/json' size='17'/>
                    </attachments>
                    <steps/>
                </step>
                <step start='1576961457305' status='passed' stop='1576961457710'>
                    <name>GET /session/:sessionId/screenshot</name>
                    <title>GET /session/:sessionId/screenshot</title>
                    <attachments>
                        <attachment title='Screenshot' source='78d6eb52-e1ee-458a-b3f7-43a1365264c5-attachment.png' type='image/png' size='45825'/>
                    </attachments>
                    <steps/>
                </step>
            </steps>
            <attachments/>
            <failure>
                <message>'qa.intgames.org' == 'Bug Tracker'</message>
                <stack-trace>AssertionError [ERR_ASSERTION]: 'qa.intgames.org' == 'Bug Tracker'
                    at Context.&lt;anonymous> (/Users/arthursenko/Projects/automation-webdriverio/test/specs/test.js:9:14)</stack-trace>
            </failure>
        </test-case>
    </test-cases>
</ns2:test-suite>