<?xml version='1.0'?>
<ns2:test-suite xmlns:ns2='urn:model.allure.qatools.yandex.ru' start='1576961470120' stop='1576961474683'>
    <name>Client</name>
    <title>Client</title>
    <test-cases>
        <test-case start='1576961470120' status='failed' stop='1576961474682'>
            <name>Get title</name>
            <title>Get title</title>
            <labels>
                <label name='language' value='javascript'/>
                <label name='framework' value='wdio'/>
                <label name='thread' value='0-0'/>
            </labels>
            <parameters>
                <parameter kind='argument' name='browser' value='chrome-79.0.3945.88'/>
            </parameters>
            <steps>
                <step start='1576961470123' status='passed' stop='1576961472232'>
                    <name>POST /session/:sessionId/url</name>
                    <title>POST /session/:sessionId/url</title>
                    <attachments>
                        <attachment title='Request' source='fe07894e-917a-4911-8490-28840ae97cd7-attachment.json' type='application/json' size='38'/>
                    </attachments>
                    <steps/>
                </step>
                <step start='1576961472232' status='passed' stop='1576961472239'>
                    <name>GET /session/:sessionId/title</name>
                    <title>GET /session/:sessionId/title</title>
                    <attachments>
                        <attachment title='Response' source='7304def8-adac-4633-9020-9b12d12fe042-attachment.json' type='application/json' size='25'/>
                    </attachments>
                    <steps/>
                </step>
                <step start='1576961474250' status='passed' stop='1576961474681'>
                    <name>GET /session/:sessionId/screenshot</name>
                    <title>GET /session/:sessionId/screenshot</title>
                    <attachments>
                        <attachment title='Screenshot' source='877f022d-8e12-44a4-a210-6899e7843e3b-attachment.png' type='image/png' size='34234'/>
                    </attachments>
                    <steps/>
                </step>
            </steps>
            <attachments/>
            <failure>
                <message>'Intellectual Games Club' == 'Bug Tracker'</message>
                <stack-trace>AssertionError [ERR_ASSERTION]: 'Intellectual Games Club' == 'Bug Tracker'
                    at Context.&lt;anonymous> (/Users/arthursenko/Projects/automation-webdriverio/test/specs/test.js:9:14)</stack-trace>
            </failure>
        </test-case>
    </test-cases>
</ns2:test-suite>